Determining if the pthread_create exist failed with the following output:
Change Dir: /build/CMakeFiles/CMakeTmp

Run Build Command:"/usr/bin/make" "cmTC_ff47d/fast"
/usr/bin/make -f CMakeFiles/cmTC_ff47d.dir/build.make CMakeFiles/cmTC_ff47d.dir/build
make[1]: Entering directory '/build/CMakeFiles/CMakeTmp'
Building C object CMakeFiles/cmTC_ff47d.dir/CheckSymbolExists.c.o
/usr/bin/cc   -fPIC    -o CMakeFiles/cmTC_ff47d.dir/CheckSymbolExists.c.o   -c /build/CMakeFiles/CMakeTmp/CheckSymbolExists.c
Linking C executable cmTC_ff47d
/usr/bin/cmake -E cmake_link_script CMakeFiles/cmTC_ff47d.dir/link.txt --verbose=1
/usr/bin/cc -fPIC     CMakeFiles/cmTC_ff47d.dir/CheckSymbolExists.c.o  -o cmTC_ff47d 
CMakeFiles/cmTC_ff47d.dir/CheckSymbolExists.c.o: In function `main':
CheckSymbolExists.c:(.text+0x1b): undefined reference to `pthread_create'
collect2: error: ld returned 1 exit status
CMakeFiles/cmTC_ff47d.dir/build.make:97: recipe for target 'cmTC_ff47d' failed
make[1]: *** [cmTC_ff47d] Error 1
make[1]: Leaving directory '/build/CMakeFiles/CMakeTmp'
Makefile:126: recipe for target 'cmTC_ff47d/fast' failed
make: *** [cmTC_ff47d/fast] Error 2

File /build/CMakeFiles/CMakeTmp/CheckSymbolExists.c:
/* */
#include <pthread.h>

int main(int argc, char** argv)
{
  (void)argv;
#ifndef pthread_create
  return ((int*)(&pthread_create))[argc];
#else
  (void)argc;
  return 0;
#endif
}

Determining if the function pthread_create exists in the pthreads failed with the following output:
Change Dir: /build/CMakeFiles/CMakeTmp

Run Build Command:"/usr/bin/make" "cmTC_e1c5e/fast"
/usr/bin/make -f CMakeFiles/cmTC_e1c5e.dir/build.make CMakeFiles/cmTC_e1c5e.dir/build
make[1]: Entering directory '/build/CMakeFiles/CMakeTmp'
Building C object CMakeFiles/cmTC_e1c5e.dir/CheckFunctionExists.c.o
/usr/bin/cc   -fPIC -DCHECK_FUNCTION_EXISTS=pthread_create   -o CMakeFiles/cmTC_e1c5e.dir/CheckFunctionExists.c.o   -c /usr/share/cmake-3.10/Modules/CheckFunctionExists.c
Linking C executable cmTC_e1c5e
/usr/bin/cmake -E cmake_link_script CMakeFiles/cmTC_e1c5e.dir/link.txt --verbose=1
/usr/bin/cc -fPIC -DCHECK_FUNCTION_EXISTS=pthread_create    CMakeFiles/cmTC_e1c5e.dir/CheckFunctionExists.c.o  -o cmTC_e1c5e -lpthreads 
/usr/bin/ld: cannot find -lpthreads
collect2: error: ld returned 1 exit status
CMakeFiles/cmTC_e1c5e.dir/build.make:97: recipe for target 'cmTC_e1c5e' failed
make[1]: *** [cmTC_e1c5e] Error 1
make[1]: Leaving directory '/build/CMakeFiles/CMakeTmp'
Makefile:126: recipe for target 'cmTC_e1c5e/fast' failed
make: *** [cmTC_e1c5e/fast] Error 2


